<?xml version="1.0" encoding="UTF-8"?>
<!-- Generated by org.testng.reporters.JUnitXMLReporter -->
<testsuite ignored="4" hostname="LTIN219790" failures="0" tests="19" name="Chrome Test" time="86.244" errors="0" timestamp="2024-03-12T09:14:55 IST">
  <testcase classname="testCases.TC001_InvalidGoogleLogin" name="testing" time="0.191"/>
  <testcase classname="testCases.TC001_InvalidGoogleLogin" name="testclickLoginButton" time="1.831"/>
  <testcase classname="testCases.TC001_InvalidGoogleLogin" name="testclickGoogleAccount" time="0.564"/>
  <testcase classname="testCases.TC001_InvalidGoogleLogin" name="testenterRandomEmail" time="4.604"/>
  <testcase classname="testCases.TC001_InvalidGoogleLogin" name="testprintErrorMessage" time="1.368"/>
  <testcase classname="testCases.TC002_BikeDetails" name="testingBike" time="0.072"/>
  <testcase classname="testCases.TC002_BikeDetails" name="testhoverBikes" time="0.408"/>
  <testcase classname="testCases.TC002_BikeDetails" name="testclickUpcomingBikes" time="1.69"/>
  <testcase classname="testCases.TC002_BikeDetails" name="testselectManufacturer" time="6.456"/>
  <testcase classname="testCases.TC002_BikeDetails" name="testclickToViewMore" time="0.873"/>
  <testcase classname="testCases.TC002_BikeDetails" name="testrintUpcomingBikeDetails" time="5.577"/>
  <testcase classname="testCases.TC002_BikeDetails" name="testWriteBikeDetails" time="10.435"/>
  <testcase classname="testCases.TC003_UsedCarDetails" name="testing" time="0.057"/>
  <testcase classname="testCases.TC003_UsedCarDetails" name="testhoverUsedCars" time="4.826"/>
  <testcase classname="testCases.TC003_UsedCarDetails" name="testclickChennai" time="7.52"/>
  <testcase classname="testCases.TC003_UsedCarDetails" name="testscrollToPopularModel" time="0.031"/>
  <testcase classname="testCases.TC003_UsedCarDetails" name="testprintAllPopularCarModelDetails" time="0.003"/>
  <testcase classname="testCases.TC003_UsedCarDetails" name="testprintPopularCarModels" time="0.562"/>
  <testcase classname="testCases.TC003_UsedCarDetails" name="testWritePopularCarModel" time="0.509"/>
  <testcase classname="factory.CrossBrowsing" name="@AfterTest closeBrowser" time="0.0">
    <ignored/>
  </testcase> <!-- @AfterTest closeBrowser -->
  <testcase classname="factory.CrossBrowsing" name="@AfterTest closeBrowser" time="0.0">
    <ignored/>
  </testcase> <!-- @AfterTest closeBrowser -->
  <testcase classname="factory.CrossBrowsing" name="@BeforeTest initializeBrowser" time="0.0">
    <ignored/>
  </testcase> <!-- @BeforeTest initializeBrowser -->
  <testcase classname="factory.CrossBrowsing" name="@BeforeTest initializeBrowser" time="0.0">
    <ignored/>
  </testcase> <!-- @BeforeTest initializeBrowser -->
</testsuite> <!-- Chrome Test -->
